2020-11-28 09:33:26 INFO  ApacheHttpClient.getTask(488) - responseCode = 200
2020-11-28 09:33:28 INFO  ApacheHttpClient.completed(32) - responseCode = 200
2020-11-28 09:33:28 INFO  ApacheHttpClient.getTask(488) - responseCode = 200
2020-11-28 09:34:13 INFO  ApacheHttpClient.sendEvent(535) - responseCode = 200
2020-11-28 09:35:13 INFO  ApacheHttpClient.sendEvent(535) - responseCode = 200
2020-11-28 09:35:31 INFO  ApacheHttpClient.getWebResourceAsStream(502) - responseCode = 200
2020-11-28 09:35:32 INFO  ApacheHttpClient.getFilteredTasks(336) - responseCode = 200
2020-11-28 09:35:39 INFO  ApacheHttpClient.getTaskTemplateInfo(353) - responseCode = 200
2020-11-28 09:36:13 INFO  ApacheHttpClient.sendEvent(535) - responseCode = 200
2020-11-28 09:36:32 INFO  ApacheHttpClient.getWebResourceAsStream(502) - responseCode = 200
2020-11-28 09:36:33 INFO  ApacheHttpClient.getFilteredTasks(336) - responseCode = 200
2020-11-28 09:36:59 INFO  ApacheHttpClient.getTaskTemplateInfo(353) - responseCode = 200
2020-11-28 09:36:59 INFO  TaskInfoSelectorMouseListener.createDirectoryRecursive(77) - File created :D:/Java/JavaRushTasks/JavaRushTasks/2.JavaCore/src/com/javarush/task/task16/task1622
2020-11-28 09:37:13 INFO  ApacheHttpClient.sendEvent(535) - responseCode = 200
2020-11-28 09:38:13 INFO  ApacheHttpClient.sendEvent(535) - responseCode = 200
2020-11-28 09:39:13 INFO  ApacheHttpClient.sendEvent(535) - responseCode = 200
2020-11-28 09:40:13 INFO  ApacheHttpClient.sendEvent(535) - responseCode = 200
2020-11-28 09:41:13 INFO  ApacheHttpClient.sendEvent(535) - responseCode = 200
2020-11-28 09:42:13 INFO  ApacheHttpClient.sendEvent(535) - responseCode = 200
2020-11-28 09:43:13 INFO  ApacheHttpClient.sendEvent(535) - responseCode = 200
2020-11-28 09:44:13 INFO  ApacheHttpClient.sendEvent(535) - responseCode = 200
2020-11-28 09:45:13 INFO  ApacheHttpClient.sendEvent(535) - responseCode = 200
2020-11-28 09:46:13 INFO  ApacheHttpClient.sendEvent(535) - responseCode = 200
2020-11-28 09:47:13 INFO  ApacheHttpClient.sendEvent(535) - responseCode = 200
2020-11-28 09:48:13 INFO  ApacheHttpClient.sendEvent(535) - responseCode = 200
2020-11-28 09:49:13 INFO  ApacheHttpClient.sendEvent(535) - responseCode = 200
2020-11-28 09:50:13 INFO  ApacheHttpClient.sendEvent(535) - responseCode = 200
2020-11-28 09:50:33 INFO  ApacheHttpClient.getWebResourceAsStream(502) - responseCode = 200
2020-11-28 09:50:33 INFO  ApacheHttpClient.getTask(488) - responseCode = 200
2020-11-28 09:50:36 INFO  ApacheHttpClient.completed(32) - responseCode = 200
2020-11-28 09:50:36 INFO  ApacheHttpClient.getTask(488) - responseCode = 200
